// 重构日志: d0d7c2f1
// 重构日志: abbb97b9
// 重构日志: caa49762
// 同步 ID: e087a567 @ Sat Jul 11 07:09:25 UTC 2026
// 重构日志: f21479fb
// 重构日志: ff0b2d65
// 重构日志: a9fe80b3
// 重构日志: 35c0bb0f
// 同步 ID: fccf47e6 @ Wed Jul 15 12:25:15 UTC 2026
// 重构日志: e8fed941
// 同步 ID: ffda8a51 @ Thu Jul 16 10:10:30 UTC 2026
// 重构日志: df7869ad
// 重构日志: 78685b6d
// 同步 ID: dcdca0bd @ Fri Jul 17 17:44:22 UTC 2026
// 重构日志: 65d290ea
// 同步 ID: 3a9fa15a @ Sat Jul 18 07:14:24 UTC 2026
// 同步 ID: aa95457a @ Sat Jul 18 15:32:24 UTC 2026
// 重构日志: d0a5a6dd
// 同步 ID: cdb26958 @ Tue Jul 21 12:19:06 UTC 2026
// 重构日志: b97946d1
